<?xml version="1.0" encoding="UTF-8"?>
<testsuite xmlns:xsi="http://www.w3.org/2001/XMLSchema-instance" xsi:noNamespaceSchemaLocation="https://maven.apache.org/surefire/maven-surefire-plugin/xsd/surefire-test-report-3.0.xsd" version="3.0" name="com.example.AppTest" time="0.042" tests="1" errors="0" skipped="0" failures="0">
  <properties>
    <property name="java.specification.version" value="22"/>
    <property name="sun.jnu.encoding" value="UTF-8"/>
    <property name="java.class.path" value="/Users/wanghan/Desktop/17214/f24-hw2-santorini-corincewang/my-app/target/test-classes:/Users/wanghan/Desktop/17214/f24-hw2-santorini-corincewang/my-app/target/classes:/Users/wanghan/.m2/repository/org/nanohttpd/nanohttpd/2.3.0/nanohttpd-2.3.0.jar:/Users/wanghan/.m2/repository/junit/junit/4.11/junit-4.11.jar:/Users/wanghan/.m2/repository/org/hamcrest/hamcrest-core/1.3/hamcrest-core-1.3.jar:/Users/wanghan/.m2/repository/org/slf4j/slf4j-api/1.7.30/slf4j-api-1.7.30.jar:/Users/wanghan/.m2/repository/ch/qos/logback/logback-classic/1.2.3/logback-classic-1.2.3.jar:/Users/wanghan/.m2/repository/ch/qos/logback/logback-core/1.2.3/logback-core-1.2.3.jar:"/>
    <property name="java.vm.vendor" value="Homebrew"/>
    <property name="sun.arch.data.model" value="64"/>
    <property name="java.vendor.url" value="https://github.com/Homebrew/homebrew-core/issues"/>
    <property name="os.name" value="Mac OS X"/>
    <property name="java.vm.specification.version" value="22"/>
    <property name="user.country" value="US"/>
    <property name="sun.java.launcher" value="SUN_STANDARD"/>
    <property name="sun.boot.library.path" value="/opt/homebrew/Cellar/openjdk/22.0.2/libexec/openjdk.jdk/Contents/Home/lib"/>
    <property name="sun.java.command" value="/Users/wanghan/Desktop/17214/f24-hw2-santorini-corincewang/my-app/target/surefire/surefirebooter-20241204233533429_3.jar /Users/wanghan/Desktop/17214/f24-hw2-santorini-corincewang/my-app/target/surefire 2024-12-04T23-35-33_378-jvmRun1 surefire-20241204233533429_1tmp surefire_0-20241204233533429_2tmp"/>
    <property name="http.nonProxyHosts" value="local|*.local|169.254/16|*.169.254/16"/>
    <property name="jdk.debug" value="release"/>
    <property name="test" value="com.example.AppTest#testMinotaurPanWinCondition"/>
    <property name="surefire.test.class.path" value="/Users/wanghan/Desktop/17214/f24-hw2-santorini-corincewang/my-app/target/test-classes:/Users/wanghan/Desktop/17214/f24-hw2-santorini-corincewang/my-app/target/classes:/Users/wanghan/.m2/repository/org/nanohttpd/nanohttpd/2.3.0/nanohttpd-2.3.0.jar:/Users/wanghan/.m2/repository/junit/junit/4.11/junit-4.11.jar:/Users/wanghan/.m2/repository/org/hamcrest/hamcrest-core/1.3/hamcrest-core-1.3.jar:/Users/wanghan/.m2/repository/org/slf4j/slf4j-api/1.7.30/slf4j-api-1.7.30.jar:/Users/wanghan/.m2/repository/ch/qos/logback/logback-classic/1.2.3/logback-classic-1.2.3.jar:/Users/wanghan/.m2/repository/ch/qos/logback/logback-core/1.2.3/logback-core-1.2.3.jar:"/>
    <property name="sun.cpu.endian" value="little"/>
    <property name="user.home" value="/Users/wanghan"/>
    <property name="user.language" value="zh"/>
    <property name="java.specification.vendor" value="Oracle Corporation"/>
    <property name="java.version.date" value="2024-07-16"/>
    <property name="java.home" value="/opt/homebrew/Cellar/openjdk/22.0.2/libexec/openjdk.jdk/Contents/Home"/>
    <property name="file.separator" value="/"/>
    <property name="basedir" value="/Users/wanghan/Desktop/17214/f24-hw2-santorini-corincewang/my-app"/>
    <property name="java.vm.compressedOopsMode" value="Zero based"/>
    <property name="line.separator" value="&#10;"/>
    <property name="java.vm.specification.vendor" value="Oracle Corporation"/>
    <property name="java.specification.name" value="Java Platform API Specification"/>
    <property name="apple.awt.application.name" value="ForkedBooter"/>
    <property name="surefire.real.class.path" value="/Users/wanghan/Desktop/17214/f24-hw2-santorini-corincewang/my-app/target/surefire/surefirebooter-20241204233533429_3.jar"/>
    <property name="user.script" value="Hans"/>
    <property name="sun.management.compiler" value="HotSpot 64-Bit Tiered Compilers"/>
    <property name="ftp.nonProxyHosts" value="local|*.local|169.254/16|*.169.254/16"/>
    <property name="java.runtime.version" value="22.0.2"/>
    <property name="user.name" value="wanghan"/>
    <property name="stdout.encoding" value="UTF-8"/>
    <property name="path.separator" value=":"/>
    <property name="os.version" value="12.5"/>
    <property name="java.runtime.name" value="OpenJDK Runtime Environment"/>
    <property name="file.encoding" value="UTF-8"/>
    <property name="java.vm.name" value="OpenJDK 64-Bit Server VM"/>
    <property name="java.vendor.version" value="Homebrew"/>
    <property name="maven.ext.class.path" value="/Users/wanghan/.vscode/extensions/oracle.oracle-java-23.0.1/nbcode/java/maven-nblib/netbeans-eventspy.jar"/>
    <property name="localRepository" value="/Users/wanghan/.m2/repository"/>
    <property name="java.vendor.url.bug" value="https://github.com/Homebrew/homebrew-core/issues"/>
    <property name="java.io.tmpdir" value="/var/folders/t0/8tkfff397pg2y6ml31g745y80000gn/T/"/>
    <property name="java.version" value="22.0.2"/>
    <property name="user.dir" value="/Users/wanghan/Desktop/17214/f24-hw2-santorini-corincewang/my-app"/>
    <property name="os.arch" value="aarch64"/>
    <property name="java.vm.specification.name" value="Java Virtual Machine Specification"/>
    <property name="native.encoding" value="UTF-8"/>
    <property name="java.library.path" value="/Users/wanghan/Library/Java/Extensions:/Library/Java/Extensions:/Network/Library/Java/Extensions:/System/Library/Java/Extensions:/usr/lib/java:."/>
    <property name="java.vm.info" value="mixed mode, sharing"/>
    <property name="stderr.encoding" value="UTF-8"/>
    <property name="java.vendor" value="Homebrew"/>
    <property name="java.vm.version" value="22.0.2"/>
    <property name="sun.io.unicode.encoding" value="UnicodeBig"/>
    <property name="socksNonProxyHosts" value="local|*.local|169.254/16|*.169.254/16"/>
    <property name="java.class.version" value="66.0"/>
  </properties>
  <testcase name="testMinotaurPanWinCondition" classname="com.example.AppTest" time="0.019">
    <system-out><![CDATA[godcard: com.santorini.Pan@51efea79
Minotaur applyMove

com.santorini.Worker@62ee68d8 Moved to(2, 2), height = 0
Builded Block to: Block(x=2 y=3, height=1, hasDome=false)


com.santorini.Worker@47c62251 Moved to(2, 3), height = 1
Builded Block to: Block(x=1 y=3, height=1, hasDome=false)

Cannot Make this Move!
Builded Block to: Block(x=1 y=3, height=2, hasDome=false)


com.santorini.Worker@47c62251 Moved to(1, 3), height = 2
Builded Block to: Block(x=1 y=4, height=1, hasDome=false)

Cannot Make this Move!
Invalid Build: Cannot build on (0, 3)

com.santorini.Worker@47c62251 Moved to(0, 4), height = 0
PlayerB wins!
]]></system-out>
  </testcase>
</testsuite>